[2024-03-18 19:30:03,198] ERROR Failed to access checkpoint file cleaner-offset-checkpoint in dir /tmp/kafka-logs (kafka.log.LogCleaner)
org.apache.kafka.common.errors.KafkaStorageException: Error while reading checkpoint file /tmp/kafka-logs/cleaner-offset-checkpoint
Caused by: java.nio.file.NoSuchFileException: /tmp/kafka-logs/cleaner-offset-checkpoint
	at sun.nio.fs.UnixException.translateToIOException(UnixException.java:86)
	at sun.nio.fs.UnixException.rethrowAsIOException(UnixException.java:102)
	at sun.nio.fs.UnixException.rethrowAsIOException(UnixException.java:107)
	at sun.nio.fs.UnixFileSystemProvider.newByteChannel(UnixFileSystemProvider.java:214)
	at java.nio.file.Files.newByteChannel(Files.java:361)
	at java.nio.file.Files.newByteChannel(Files.java:407)
	at java.nio.file.spi.FileSystemProvider.newInputStream(FileSystemProvider.java:384)
	at java.nio.file.Files.newInputStream(Files.java:152)
	at java.nio.file.Files.newBufferedReader(Files.java:2784)
	at java.nio.file.Files.newBufferedReader(Files.java:2816)
	at org.apache.kafka.server.common.CheckpointFile.read(CheckpointFile.java:92)
	at org.apache.kafka.storage.internals.checkpoint.CheckpointFileWithFailureHandler.read(CheckpointFileWithFailureHandler.java:56)
	at kafka.server.checkpoints.OffsetCheckpointFile.read(OffsetCheckpointFile.scala:75)
	at kafka.log.LogCleanerManager.$anonfun$allCleanerCheckpoints$2(LogCleanerManager.scala:147)
	at scala.collection.Iterator$$anon$10.nextCur(Iterator.scala:594)
	at scala.collection.Iterator$$anon$10.hasNext(Iterator.scala:608)
	at scala.collection.immutable.List.prependedAll(List.scala:152)
	at scala.collection.immutable.List$.from(List.scala:684)
	at scala.collection.immutable.List$.from(List.scala:681)
	at scala.collection.IterableFactory$Delegate.from(Factory.scala:288)
	at scala.collection.immutable.Iterable$.from(Iterable.scala:35)
	at scala.collection.immutable.Iterable$.from(Iterable.scala:32)
	at scala.collection.IterableFactory$Delegate.from(Factory.scala:288)
	at scala.collection.IterableOps.flatMap(Iterable.scala:684)
	at scala.collection.IterableOps.flatMap$(Iterable.scala:684)
	at scala.collection.AbstractIterable.flatMap(Iterable.scala:933)
	at kafka.log.LogCleanerManager.$anonfun$allCleanerCheckpoints$1(LogCleanerManager.scala:145)
	at kafka.log.LogCleanerManager.allCleanerCheckpoints(LogCleanerManager.scala:153)
	at kafka.log.LogCleanerManager.$anonfun$grabFilthiestCompactedLog$1(LogCleanerManager.scala:184)
	at kafka.log.LogCleanerManager.grabFilthiestCompactedLog(LogCleanerManager.scala:181)
	at kafka.log.LogCleaner$CleanerThread.cleanFilthiestLog(LogCleaner.scala:408)
	at kafka.log.LogCleaner$CleanerThread.tryCleanFilthiestLog(LogCleaner.scala:395)
	at kafka.log.LogCleaner$CleanerThread.doWork(LogCleaner.scala:381)
	at org.apache.kafka.server.util.ShutdownableThread.run(ShutdownableThread.java:130)
[2024-03-18 19:30:03,273] INFO Cleaner 0: Beginning cleaning of log __consumer_offsets-12 (kafka.log.LogCleaner)
[2024-03-18 19:30:03,276] INFO Cleaner 0: Building offset map for __consumer_offsets-12... (kafka.log.LogCleaner)
[2024-03-18 19:30:03,651] INFO Cleaner 0: Building offset map for log __consumer_offsets-12 for 1 segments in offset range [0, 229). (kafka.log.LogCleaner)
[2024-03-18 19:30:03,726] INFO Cleaner 0: Offset map for log __consumer_offsets-12 complete. (kafka.log.LogCleaner)
[2024-03-18 19:30:03,790] INFO Cleaner 0: Cleaning log __consumer_offsets-12 (cleaning prior to Wed Dec 31 21:00:00 BRT 1969, discarding tombstones prior to upper bound deletion horizon Wed Dec 31 21:00:00 BRT 1969)... (kafka.log.LogCleaner)
[2024-03-18 19:30:03,889] INFO Cleaner 0: Cleaning LogSegment(baseOffset=0, size=478, lastModifiedTime=0, largestRecordTimestamp=Some(1707883506856)) in log __consumer_offsets-12 into 0 with an upper bound deletion horizon 0 computed from the segment last modified time of 0,discarding deletes. (kafka.log.LogCleaner)
[2024-03-18 19:30:03,915] INFO Cleaner 0: Swapping in cleaned segment LogSegment(baseOffset=0, size=478, lastModifiedTime=0, largestRecordTimestamp=Some(1707883506856)) for segment(s) List(LogSegment(baseOffset=0, size=478, lastModifiedTime=0, largestRecordTimestamp=Some(1707883506856))) in log Log(dir=/tmp/kafka-logs/__consumer_offsets-12, topicId=htvP5gqBTcSbQ68H-eKh-g, topic=__consumer_offsets, partition=12, highWatermark=233, lastStableOffset=233, logStartOffset=0, logEndOffset=233) (kafka.log.LogCleaner)
